<?xml version="1.0" encoding="UTF-8"?>
<!-- Generated by org.testng.reporters.JUnitReportReporter -->
<testsuite hostname="TYSS-Shobha" failures="0" tests="1" name="Organization.CreateOrganizationTest" time="29.031" errors="0" timestamp="2025-04-04T19:25:28 IST" skipped="0">
  <testcase classname="Organization.CreateOrganizationTest" name="createOrganizationTest" time="29.031"/>
</testsuite> <!-- Organization.CreateOrganizationTest -->
