<?xml version="1.0" encoding="UTF-8"?>
<!-- Generated by org.testng.reporters.JUnitReportReporter -->
<testsuite hostname="TYSS-Shobha" failures="0" tests="1" name="Contact.CreateContactTest" time="47.969" errors="0" timestamp="2025-04-15T15:37:32 IST" skipped="0">
  <testcase classname="Contact.CreateContactTest" name="createContactTest" time="47.969"/>
</testsuite> <!-- Contact.CreateContactTest -->
