<?xml version="1.0" encoding="UTF-8"?>
<!-- Generated by org.testng.reporters.JUnitReportReporter -->
<testsuite hostname="TYSS-Shobha" failures="0" tests="1" name="product.CreateProductTest" time="25.434" errors="0" timestamp="2025-04-15T15:19:56 IST" skipped="0">
  <testcase classname="product.CreateProductTest" name="createProductTest" time="25.434"/>
</testsuite> <!-- product.CreateProductTest -->
