<?xml version="1.0" encoding="UTF-8"?>
<!-- Generated by org.testng.reporters.JUnitReportReporter -->
<testsuite hostname="TYSS-Shobha" failures="0" tests="2" name="Campaigns.CreateCampaignsTest" time="58.526" errors="0" timestamp="2025-04-15T15:37:32 IST" skipped="0">
  <testcase classname="Campaigns.CreateCampaignsTest" name="m2" time="14.065"/>
  <testcase classname="Campaigns.CreateCampaignsTest" name="createCampaignsTest" time="44.461"/>
</testsuite> <!-- Campaigns.CreateCampaignsTest -->
